(gdb) nexti
$1 = 0xaaaaaaaa
$2 = 0x0
$3 = 0x0
0x8049108 <sample>:	0xaa	0xbb	0xcc	0xdd	0xee	0xff	0x11	0x22
Dump of assembler code from 0x8048085 to 0x804808f:
=> 0x08048085 <_start+5>:	mov    al,0xbb
   0x08048087 <_start+7>:	mov    ah,0xcc
   0x08048089 <_start+9>:	mov    ax,0xdddd
   0x0804808d <_start+13>:	mov    ebx,0x0
End of assembler dump.
0x08048085 in _start ()
(gdb) nexti
$4 = 0xaaaaaabb
$5 = 0x0
$6 = 0x0
0x8049108 <sample>:	0xaa	0xbb	0xcc	0xdd	0xee	0xff	0x11	0x22
Dump of assembler code from 0x8048087 to 0x8048091:
=> 0x08048087 <_start+7>:	mov    ah,0xcc
   0x08048089 <_start+9>:	mov    ax,0xdddd
   0x0804808d <_start+13>:	mov    ebx,0x0
End of assembler dump.
0x08048087 in _start ()
(gdb) 
$7 = 0xaaaaccbb
$8 = 0x0
$9 = 0x0
0x8049108 <sample>:	0xaa	0xbb	0xcc	0xdd	0xee	0xff	0x11	0x22
Dump of assembler code from 0x8048089 to 0x8048093:
=> 0x08048089 <_start+9>:	mov    ax,0xdddd
   0x0804808d <_start+13>:	mov    ebx,0x0
   0x08048092 <_start+18>:	mov    ecx,0x0
End of assembler dump.
0x08048089 in _start ()
(gdb) 

(gdb) nexti
$10 = 0xaaaadddd
$11 = 0x0
$12 = 0x0
0x8049108 <sample>:	0xaa	0xbb	0xcc	0xdd	0xee	0xff	0x11	0x22
Dump of assembler code from 0x804808d to 0x8048097:
=> 0x0804808d <_start+13>:	mov    ebx,0x0
   0x08048092 <_start+18>:	mov    ecx,0x0
End of assembler dump.
0x0804808d in _start ()
(gdb) nexti
$13 = 0xaaaadddd
$14 = 0x0
$15 = 0x0
0x8049108 <sample>:	0xaa	0xbb	0xcc	0xdd	0xee	0xff	0x11	0x22
Dump of assembler code from 0x8048092 to 0x804809c:
=> 0x08048092 <_start+18>:	mov    ecx,0x0
   0x08048097 <_start+23>:	mov    ebx,eax
   0x08048099 <_start+25>:	mov    cl,al
   0x0804809b <_start+27>:	mov    ch,ah
End of assembler dump.
0x08048092 in _start ()
(gdb) nexti
$16 = 0xaaaadddd
$17 = 0x0
$18 = 0x0
0x8049108 <sample>:	0xaa	0xbb	0xcc	0xdd	0xee	0xff	0x11	0x22
Dump of assembler code from 0x8048097 to 0x80480a1:
=> 0x08048097 <_start+23>:	mov    ebx,eax
   0x08048099 <_start+25>:	mov    cl,al
   0x0804809b <_start+27>:	mov    ch,ah
   0x0804809d <_start+29>:	mov    cx,ax
   0x080480a0 <_start+32>:	mov    eax,0x0
End of assembler dump.
0x08048097 in _start ()
(gdb) nexti
$19 = 0xaaaadddd
$20 = 0xaaaadddd
$21 = 0x0
0x8049108 <sample>:	0xaa	0xbb	0xcc	0xdd	0xee	0xff	0x11	0x22
Dump of assembler code from 0x8048099 to 0x80480a3:
=> 0x08048099 <_start+25>:	mov    cl,al
   0x0804809b <_start+27>:	mov    ch,ah
   0x0804809d <_start+29>:	mov    cx,ax
   0x080480a0 <_start+32>:	mov    eax,0x0
End of assembler dump.
0x08048099 in _start ()
(gdb) nexti
$22 = 0xaaaadddd
$23 = 0xaaaadddd
$24 = 0xdd
0x8049108 <sample>:	0xaa	0xbb	0xcc	0xdd	0xee	0xff	0x11	0x22
Dump of assembler code from 0x804809b to 0x80480a5:
=> 0x0804809b <_start+27>:	mov    ch,ah
   0x0804809d <_start+29>:	mov    cx,ax
   0x080480a0 <_start+32>:	mov    eax,0x0
End of assembler dump.
0x0804809b in _start ()
(gdb) nexti
$25 = 0xaaaadddd
$26 = 0xaaaadddd
$27 = 0xdddd
0x8049108 <sample>:	0xaa	0xbb	0xcc	0xdd	0xee	0xff	0x11	0x22
Dump of assembler code from 0x804809d to 0x80480a7:
=> 0x0804809d <_start+29>:	mov    cx,ax
   0x080480a0 <_start+32>:	mov    eax,0x0
   0x080480a5 <_start+37>:	mov    ebx,0x0
End of assembler dump.
0x0804809d in _start ()
(gdb) nexti
$28 = 0xaaaadddd
$29 = 0xaaaadddd
$30 = 0xdddd
0x8049108 <sample>:	0xaa	0xbb	0xcc	0xdd	0xee	0xff	0x11	0x22
Dump of assembler code from 0x80480a0 to 0x80480aa:
=> 0x080480a0 <_start+32>:	mov    eax,0x0
   0x080480a5 <_start+37>:	mov    ebx,0x0
End of assembler dump.
0x080480a0 in _start ()
(gdb) nexti
$31 = 0x0
$32 = 0xaaaadddd
$33 = 0xdddd
0x8049108 <sample>:	0xaa	0xbb	0xcc	0xdd	0xee	0xff	0x11	0x22
Dump of assembler code from 0x80480a5 to 0x80480af:
=> 0x080480a5 <_start+37>:	mov    ebx,0x0
   0x080480aa <_start+42>:	mov    ecx,0x0
End of assembler dump.
0x080480a5 in _start ()
(gdb) nexti
$34 = 0x0
$35 = 0x0
$36 = 0xdddd
0x8049108 <sample>:	0xaa	0xbb	0xcc	0xdd	0xee	0xff	0x11	0x22
Dump of assembler code from 0x80480aa to 0x80480b4:
=> 0x080480aa <_start+42>:	mov    ecx,0x0
   0x080480af <_start+47>:	mov    al,ds:0x8049108
End of assembler dump.
0x080480aa in _start ()
(gdb) nexti
$37 = 0x0
$38 = 0x0
$39 = 0x0
0x8049108 <sample>:	0xaa	0xbb	0xcc	0xdd	0xee	0xff	0x11	0x22
Dump of assembler code from 0x80480af to 0x80480b9:
=> 0x080480af <_start+47>:	mov    al,ds:0x8049108
   0x080480b4 <_start+52>:	mov    ah,BYTE PTR ds:0x8049109
End of assembler dump.
0x080480af in _start ()
(gdb) nexti
$40 = 0xaa
$41 = 0x0
$42 = 0x0
0x8049108 <sample>:	0xaa	0xbb	0xcc	0xdd	0xee	0xff	0x11	0x22
Dump of assembler code from 0x80480b4 to 0x80480be:
=> 0x080480b4 <_start+52>:	mov    ah,BYTE PTR ds:0x8049109
   0x080480ba <_start+58>:	mov    bx,WORD PTR ds:0x8049108
End of assembler dump.
0x080480b4 in _start ()
(gdb) nexti
$43 = 0xbbaa
$44 = 0x0
$45 = 0x0
0x8049108 <sample>:	0xaa	0xbb	0xcc	0xdd	0xee	0xff	0x11	0x22
Dump of assembler code from 0x80480ba to 0x80480c4:
=> 0x080480ba <_start+58>:	mov    bx,WORD PTR ds:0x8049108
   0x080480c1 <_start+65>:	mov    ecx,DWORD PTR ds:0x8049108
End of assembler dump.
0x080480ba in _start ()
(gdb) nexti
$46 = 0xbbaa
$47 = 0xbbaa
$48 = 0x0
0x8049108 <sample>:	0xaa	0xbb	0xcc	0xdd	0xee	0xff	0x11	0x22
Dump of assembler code from 0x80480c1 to 0x80480cb:
=> 0x080480c1 <_start+65>:	mov    ecx,DWORD PTR ds:0x8049108
   0x080480c7 <_start+71>:	mov    eax,0x33445566
End of assembler dump.
0x080480c1 in _start ()
(gdb) nexti
$49 = 0xbbaa
$50 = 0xbbaa
$51 = 0xddccbbaa
0x8049108 <sample>:	0xaa	0xbb	0xcc	0xdd	0xee	0xff	0x11	0x22
Dump of assembler code from 0x80480c7 to 0x80480d1:
=> 0x080480c7 <_start+71>:	mov    eax,0x33445566
   0x080480cc <_start+76>:	mov    ds:0x8049108,al
End of assembler dump.
0x080480c7 in _start ()
(gdb) nexti
$52 = 0x33445566
$53 = 0xbbaa
$54 = 0xddccbbaa
0x8049108 <sample>:	0xaa	0xbb	0xcc	0xdd	0xee	0xff	0x11	0x22
Dump of assembler code from 0x80480cc to 0x80480d6:
=> 0x080480cc <_start+76>:	mov    ds:0x8049108,al
   0x080480d1 <_start+81>:	mov    ds:0x8049108,ax
End of assembler dump.
0x080480cc in _start ()
(gdb) nexti
$55 = 0x33445566
$56 = 0xbbaa
$57 = 0xddccbbaa
0x8049108 <sample>:	0x66	0xbb	0xcc	0xdd	0xee	0xff	0x11	0x22
Dump of assembler code from 0x80480d1 to 0x80480db:
=> 0x080480d1 <_start+81>:	mov    ds:0x8049108,ax
   0x080480d7 <_start+87>:	mov    ds:0x8049108,eax
End of assembler dump.
0x080480d1 in _start ()
(gdb) nexti
$58 = 0x33445566
$59 = 0xbbaa
$60 = 0xddccbbaa
0x8049108 <sample>:	0x66	0x55	0xcc	0xdd	0xee	0xff	0x11	0x22
Dump of assembler code from 0x80480d7 to 0x80480e1:
=> 0x080480d7 <_start+87>:	mov    ds:0x8049108,eax
   0x080480dc <_start+92>:	mov    DWORD PTR ds:0x8049108,0x33445566
End of assembler dump.
0x080480d7 in _start ()
(gdb) nexti
$61 = 0x33445566
$62 = 0xbbaa
$63 = 0xddccbbaa
0x8049108 <sample>:	0x66	0x55	0x44	0x33	0xee	0xff	0x11	0x22
Dump of assembler code from 0x80480dc to 0x80480e6:
=> 0x080480dc <_start+92>:	mov    DWORD PTR ds:0x8049108,0x33445566
End of assembler dump.
0x080480dc in _start ()
(gdb) nexti
$64 = 0x33445566
$65 = 0xbbaa
$66 = 0xddccbbaa
0x8049108 <sample>:	0x66	0x55	0x44	0x33	0xee	0xff	0x11	0x22
Dump of assembler code from 0x80480e6 to 0x80480f0:
=> 0x080480e6 <_start+102>:	lea    eax,ds:0x8049108
   0x080480ec <_start+108>:	lea    ebx,[eax]
   0x080480ee <_start+110>:	mov    eax,0x11223344
End of assembler dump.
0x080480e6 in _start ()
(gdb) nexti
$67 = 0x8049108
$68 = 0xbbaa
$69 = 0xddccbbaa
0x8049108 <sample>:	0x66	0x55	0x44	0x33	0xee	0xff	0x11	0x22
Dump of assembler code from 0x80480ec to 0x80480f6:
=> 0x080480ec <_start+108>:	lea    ebx,[eax]
   0x080480ee <_start+110>:	mov    eax,0x11223344
   0x080480f3 <_start+115>:	mov    ebx,0xaabbccdd
End of assembler dump.
0x080480ec in _start ()
(gdb) nexti
$70 = 0x8049108
$71 = 0x8049108
$72 = 0xddccbbaa
0x8049108 <sample>:	0x66	0x55	0x44	0x33	0xee	0xff	0x11	0x22
Dump of assembler code from 0x80480ee to 0x80480f8:
=> 0x080480ee <_start+110>:	mov    eax,0x11223344
   0x080480f3 <_start+115>:	mov    ebx,0xaabbccdd
End of assembler dump.
0x080480ee in _start ()
(gdb) nexti
$73 = 0x11223344
$74 = 0x8049108
$75 = 0xddccbbaa
0x8049108 <sample>:	0x66	0x55	0x44	0x33	0xee	0xff	0x11	0x22
Dump of assembler code from 0x80480f3 to 0x80480fd:
=> 0x080480f3 <_start+115>:	mov    ebx,0xaabbccdd
   0x080480f8 <_start+120>:	xchg   ebx,eax
   0x080480f9 <_start+121>:	mov    eax,0x1
End of assembler dump.
0x080480f3 in _start ()
(gdb) nexti
$76 = 0x11223344
$77 = 0xaabbccdd
$78 = 0xddccbbaa
0x8049108 <sample>:	0x66	0x55	0x44	0x33	0xee	0xff	0x11	0x22
Dump of assembler code from 0x80480f8 to 0x8048102:
=> 0x080480f8 <_start+120>:	xchg   ebx,eax
   0x080480f9 <_start+121>:	mov    eax,0x1
   0x080480fe <_start+126>:	mov    ebx,0x0
End of assembler dump.
0x080480f8 in _start ()
(gdb) nexti
$79 = 0xaabbccdd
$80 = 0x11223344
$81 = 0xddccbbaa
0x8049108 <sample>:	0x66	0x55	0x44	0x33	0xee	0xff	0x11	0x22
Dump of assembler code from 0x80480f9 to 0x8048103:
=> 0x080480f9 <_start+121>:	mov    eax,0x1
   0x080480fe <_start+126>:	mov    ebx,0x0
End of assembler dump.
0x080480f9 in _start ()
(gdb) nexti
$82 = 0x1
$83 = 0x11223344
$84 = 0xddccbbaa
0x8049108 <sample>:	0x66	0x55	0x44	0x33	0xee	0xff	0x11	0x22
Dump of assembler code from 0x80480fe to 0x8048108:
=> 0x080480fe <_start+126>:	mov    ebx,0x0
   0x08048103 <_start+131>:	int    0x80
   0x08048105:	add    BYTE PTR [eax],al
   0x08048107:	add    BYTE PTR [edx-0x11223345],ch
End of assembler dump.
0x080480fe in _start ()
(gdb) quit

